<?xml version="1.0" encoding="UTF-8"?>
<testng-results ignored="0" total="2" passed="2" failed="0" skipped="0">
  <reporter-output>
  </reporter-output>
  <suite started-at="2025-04-08T17:14:59 IST" name="Default suite" finished-at="2025-04-08T17:15:01 IST" duration-ms="2087">
    <groups>
    </groups>
    <test started-at="2025-04-08T17:14:59 IST" name="Default test" finished-at="2025-04-08T17:15:01 IST" duration-ms="2087">
      <class name="testScripts.PlaceOrderTest">
        <test-method is-config="true" signature="setup()[pri:0, instance:testScripts.PlaceOrderTest@a50b09c]" started-at="2025-04-08T17:14:59 IST" name="setup" finished-at="2025-04-08T17:15:00 IST" duration-ms="1147" status="PASS">
          <reporter-output>
          </reporter-output>
        </test-method> <!-- setup -->
        <test-method signature="addItemTest()[pri:0, instance:testScripts.PlaceOrderTest@a50b09c]" started-at="2025-04-08T17:15:00 IST" name="addItemTest" finished-at="2025-04-08T17:15:00 IST" duration-ms="280" status="PASS">
          <reporter-output>
          </reporter-output>
        </test-method> <!-- addItemTest -->
        <test-method signature="checkoutItems()[pri:0, instance:testScripts.PlaceOrderTest@a50b09c]" started-at="2025-04-08T17:15:00 IST" name="checkoutItems" finished-at="2025-04-08T17:15:01 IST" duration-ms="595" status="PASS">
          <reporter-output>
          </reporter-output>
        </test-method> <!-- checkoutItems -->
      </class> <!-- testScripts.PlaceOrderTest -->
    </test> <!-- Default test -->
  </suite> <!-- Default suite -->
</testng-results>
